# JRE version: Java(TM) SE Runtime Environment (14.0.2+12) (build 14.0.2+12-46)
# Java VM: Java HotSpot(TM) 64-Bit Server VM (14.0.2+12-46, mixed mode, sharing, tiered, compressed oops, g1 gc, windows-amd64)
Heap:
 garbage-first heap   total 262144K, used 53467K [0x0000000701e00000, 0x0000000800000000)
  region size 1024K, 34 young (34816K), 4 survivors (4096K)
 Metaspace       used 17607K, capacity 18171K, committed 18304K, reserved 1064960K
  class space    used 2101K, capacity 2308K, committed 2432K, reserved 1048576K
GC Heap History (6 events):
Event: 0.519 GC heap before
{Heap before GC invocations=0 (full 0):
 garbage-first heap   total 262144K, used 13312K [0x0000000701e00000, 0x0000000800000000)
  region size 1024K, 13 young (13312K), 0 survivors (0K)
 Metaspace       used 2673K, capacity 6005K, committed 6144K, reserved 1056768K
  class space    used 213K, capacity 512K, committed 512K, reserved 1048576K
}
Event: 0.523 GC heap after
{Heap after GC invocations=1 (full 0):
 garbage-first heap   total 262144K, used 2870K [0x0000000701e00000, 0x0000000800000000)
  region size 1024K, 2 young (2048K), 2 survivors (2048K)
 Metaspace       used 2673K, capacity 6005K, committed 6144K, reserved 1056768K
  class space    used 213K, capacity 512K, committed 512K, reserved 1048576K
}
Event: 0.748 GC heap before
{Heap before GC invocations=1 (full 0):
 garbage-first heap   total 262144K, used 18230K [0x0000000701e00000, 0x0000000800000000)
  region size 1024K, 17 young (17408K), 2 survivors (2048K)
 Metaspace       used 4925K, capacity 7348K, committed 7424K, reserved 1056768K
  class space    used 474K, capacity 705K, committed 768K, reserved 1048576K
}
Event: 0.751 GC heap after
{Heap after GC invocations=2 (full 0):
 garbage-first heap   total 262144K, used 3793K [0x0000000701e00000, 0x0000000800000000)
  region size 1024K, 1 young (1024K), 1 survivors (1024K)
 Metaspace       used 4925K, capacity 7348K, committed 7424K, reserved 1056768K
  class space    used 474K, capacity 705K, committed 768K, reserved 1048576K
}
Event: 2.111 GC heap before
{Heap before GC invocations=2 (full 0):
 garbage-first heap   total 262144K, used 47825K [0x0000000701e00000, 0x0000000800000000)
  region size 1024K, 44 young (45056K), 1 survivors (1024K)
 Metaspace       used 14134K, capacity 14572K, committed 14848K, reserved 1062912K
  class space    used 1616K, capacity 1764K, committed 1792K, reserved 1048576K
}
Event: 2.115 GC heap after
{Heap after GC invocations=3 (full 0):
 garbage-first heap   total 262144K, used 6363K [0x0000000701e00000, 0x0000000800000000)
  region size 1024K, 4 young (4096K), 4 survivors (4096K)
 Metaspace       used 14134K, capacity 14572K, committed 14848K, reserved 1062912K
  class space    used 1616K, capacity 1764K, committed 1792K, reserved 1048576K
}

